Determining if the pthread_create exist failed with the following output:
Change Dir: /home/yumeng/project/master-thesis/Masterthesis/CMakeFiles/CMakeTmp

Run Build Command:"/usr/bin/make" "cmTC_5ee10/fast"
/usr/bin/make -f CMakeFiles/cmTC_5ee10.dir/build.make CMakeFiles/cmTC_5ee10.dir/build
make[1]: Entering directory '/home/yumeng/project/master-thesis/Masterthesis/CMakeFiles/CMakeTmp'
Building C object CMakeFiles/cmTC_5ee10.dir/CheckSymbolExists.c.o
/usr/bin/cc     -o CMakeFiles/cmTC_5ee10.dir/CheckSymbolExists.c.o   -c /home/yumeng/project/master-thesis/Masterthesis/CMakeFiles/CMakeTmp/CheckSymbolExists.c
Linking C executable cmTC_5ee10
/usr/bin/cmake -E cmake_link_script CMakeFiles/cmTC_5ee10.dir/link.txt --verbose=1
/usr/bin/cc       CMakeFiles/cmTC_5ee10.dir/CheckSymbolExists.c.o  -o cmTC_5ee10 -rdynamic 
CMakeFiles/cmTC_5ee10.dir/CheckSymbolExists.c.o: In function `main':
CheckSymbolExists.c:(.text+0x16): undefined reference to `pthread_create'
collect2: error: ld returned 1 exit status
CMakeFiles/cmTC_5ee10.dir/build.make:97: recipe for target 'cmTC_5ee10' failed
make[1]: *** [cmTC_5ee10] Error 1
make[1]: Leaving directory '/home/yumeng/project/master-thesis/Masterthesis/CMakeFiles/CMakeTmp'
Makefile:126: recipe for target 'cmTC_5ee10/fast' failed
make: *** [cmTC_5ee10/fast] Error 2

File /home/yumeng/project/master-thesis/Masterthesis/CMakeFiles/CMakeTmp/CheckSymbolExists.c:
/* */
#include <pthread.h>

int main(int argc, char** argv)
{
  (void)argv;
#ifndef pthread_create
  return ((int*)(&pthread_create))[argc];
#else
  (void)argc;
  return 0;
#endif
}

Determining if the function pthread_create exists in the pthreads failed with the following output:
Change Dir: /home/yumeng/project/master-thesis/Masterthesis/CMakeFiles/CMakeTmp

Run Build Command:"/usr/bin/make" "cmTC_a7586/fast"
/usr/bin/make -f CMakeFiles/cmTC_a7586.dir/build.make CMakeFiles/cmTC_a7586.dir/build
make[1]: Entering directory '/home/yumeng/project/master-thesis/Masterthesis/CMakeFiles/CMakeTmp'
Building C object CMakeFiles/cmTC_a7586.dir/CheckFunctionExists.c.o
/usr/bin/cc    -DCHECK_FUNCTION_EXISTS=pthread_create   -o CMakeFiles/cmTC_a7586.dir/CheckFunctionExists.c.o   -c /usr/share/cmake-3.5/Modules/CheckFunctionExists.c
Linking C executable cmTC_a7586
/usr/bin/cmake -E cmake_link_script CMakeFiles/cmTC_a7586.dir/link.txt --verbose=1
/usr/bin/cc   -DCHECK_FUNCTION_EXISTS=pthread_create    CMakeFiles/cmTC_a7586.dir/CheckFunctionExists.c.o  -o cmTC_a7586 -rdynamic -lpthreads 
/usr/bin/ld: cannot find -lpthreads
collect2: error: ld returned 1 exit status
CMakeFiles/cmTC_a7586.dir/build.make:97: recipe for target 'cmTC_a7586' failed
make[1]: *** [cmTC_a7586] Error 1
make[1]: Leaving directory '/home/yumeng/project/master-thesis/Masterthesis/CMakeFiles/CMakeTmp'
Makefile:126: recipe for target 'cmTC_a7586/fast' failed
make: *** [cmTC_a7586/fast] Error 2


Determining if the pthread_create exist failed with the following output:
Change Dir: /home/weiming/ubuntu-project/master-thesis/Masterthesis/CMakeFiles/CMakeTmp

Run Build Command:"/usr/bin/make" "cmTC_c48db/fast"
/usr/bin/make -f CMakeFiles/cmTC_c48db.dir/build.make CMakeFiles/cmTC_c48db.dir/build
make[1]: Entering directory '/home/weiming/ubuntu-project/master-thesis/Masterthesis/CMakeFiles/CMakeTmp'
Building C object CMakeFiles/cmTC_c48db.dir/CheckSymbolExists.c.o
/usr/bin/cc     -o CMakeFiles/cmTC_c48db.dir/CheckSymbolExists.c.o   -c /home/weiming/ubuntu-project/master-thesis/Masterthesis/CMakeFiles/CMakeTmp/CheckSymbolExists.c
Linking C executable cmTC_c48db
/usr/bin/cmake -E cmake_link_script CMakeFiles/cmTC_c48db.dir/link.txt --verbose=1
/usr/bin/cc       CMakeFiles/cmTC_c48db.dir/CheckSymbolExists.c.o  -o cmTC_c48db -rdynamic 
CMakeFiles/cmTC_c48db.dir/CheckSymbolExists.c.o: In function `main':
CheckSymbolExists.c:(.text+0x16): undefined reference to `pthread_create'
collect2: error: ld returned 1 exit status
CMakeFiles/cmTC_c48db.dir/build.make:97: recipe for target 'cmTC_c48db' failed
make[1]: *** [cmTC_c48db] Error 1
make[1]: Leaving directory '/home/weiming/ubuntu-project/master-thesis/Masterthesis/CMakeFiles/CMakeTmp'
Makefile:126: recipe for target 'cmTC_c48db/fast' failed
make: *** [cmTC_c48db/fast] Error 2

File /home/weiming/ubuntu-project/master-thesis/Masterthesis/CMakeFiles/CMakeTmp/CheckSymbolExists.c:
/* */
#include <pthread.h>

int main(int argc, char** argv)
{
  (void)argv;
#ifndef pthread_create
  return ((int*)(&pthread_create))[argc];
#else
  (void)argc;
  return 0;
#endif
}

Determining if the function pthread_create exists in the pthreads failed with the following output:
Change Dir: /home/weiming/ubuntu-project/master-thesis/Masterthesis/CMakeFiles/CMakeTmp

Run Build Command:"/usr/bin/make" "cmTC_1962a/fast"
/usr/bin/make -f CMakeFiles/cmTC_1962a.dir/build.make CMakeFiles/cmTC_1962a.dir/build
make[1]: Entering directory '/home/weiming/ubuntu-project/master-thesis/Masterthesis/CMakeFiles/CMakeTmp'
Building C object CMakeFiles/cmTC_1962a.dir/CheckFunctionExists.c.o
/usr/bin/cc    -DCHECK_FUNCTION_EXISTS=pthread_create   -o CMakeFiles/cmTC_1962a.dir/CheckFunctionExists.c.o   -c /usr/share/cmake-3.5/Modules/CheckFunctionExists.c
Linking C executable cmTC_1962a
/usr/bin/cmake -E cmake_link_script CMakeFiles/cmTC_1962a.dir/link.txt --verbose=1
/usr/bin/cc   -DCHECK_FUNCTION_EXISTS=pthread_create    CMakeFiles/cmTC_1962a.dir/CheckFunctionExists.c.o  -o cmTC_1962a -rdynamic -lpthreads 
/usr/bin/ld: cannot find -lpthreads
collect2: error: ld returned 1 exit status
CMakeFiles/cmTC_1962a.dir/build.make:97: recipe for target 'cmTC_1962a' failed
make[1]: *** [cmTC_1962a] Error 1
make[1]: Leaving directory '/home/weiming/ubuntu-project/master-thesis/Masterthesis/CMakeFiles/CMakeTmp'
Makefile:126: recipe for target 'cmTC_1962a/fast' failed
make: *** [cmTC_1962a/fast] Error 2


Determining if the pthread_create exist failed with the following output:
Change Dir: /media/weiming/Ny volym/ubuntu-project/master-thesis/Masterthesis/CMakeFiles/CMakeTmp

Run Build Command:"/usr/bin/make" "cmTC_ccc02/fast"
/usr/bin/make -f CMakeFiles/cmTC_ccc02.dir/build.make CMakeFiles/cmTC_ccc02.dir/build
make[1]: Entering directory '/media/weiming/Ny volym/ubuntu-project/master-thesis/Masterthesis/CMakeFiles/CMakeTmp'
Building C object CMakeFiles/cmTC_ccc02.dir/CheckSymbolExists.c.o
/usr/bin/cc     -o CMakeFiles/cmTC_ccc02.dir/CheckSymbolExists.c.o   -c "/media/weiming/Ny volym/ubuntu-project/master-thesis/Masterthesis/CMakeFiles/CMakeTmp/CheckSymbolExists.c"
Linking C executable cmTC_ccc02
/usr/bin/cmake -E cmake_link_script CMakeFiles/cmTC_ccc02.dir/link.txt --verbose=1
/usr/bin/cc       CMakeFiles/cmTC_ccc02.dir/CheckSymbolExists.c.o  -o cmTC_ccc02 -rdynamic 
CMakeFiles/cmTC_ccc02.dir/CheckSymbolExists.c.o: In function `main':
CheckSymbolExists.c:(.text+0x16): undefined reference to `pthread_create'
collect2: error: ld returned 1 exit status
CMakeFiles/cmTC_ccc02.dir/build.make:97: recipe for target 'cmTC_ccc02' failed
make[1]: *** [cmTC_ccc02] Error 1
make[1]: Leaving directory '/media/weiming/Ny volym/ubuntu-project/master-thesis/Masterthesis/CMakeFiles/CMakeTmp'
Makefile:126: recipe for target 'cmTC_ccc02/fast' failed
make: *** [cmTC_ccc02/fast] Error 2

File /media/weiming/Ny volym/ubuntu-project/master-thesis/Masterthesis/CMakeFiles/CMakeTmp/CheckSymbolExists.c:
/* */
#include <pthread.h>

int main(int argc, char** argv)
{
  (void)argv;
#ifndef pthread_create
  return ((int*)(&pthread_create))[argc];
#else
  (void)argc;
  return 0;
#endif
}

Determining if the function pthread_create exists in the pthreads failed with the following output:
Change Dir: /media/weiming/Ny volym/ubuntu-project/master-thesis/Masterthesis/CMakeFiles/CMakeTmp

Run Build Command:"/usr/bin/make" "cmTC_ea034/fast"
/usr/bin/make -f CMakeFiles/cmTC_ea034.dir/build.make CMakeFiles/cmTC_ea034.dir/build
make[1]: Entering directory '/media/weiming/Ny volym/ubuntu-project/master-thesis/Masterthesis/CMakeFiles/CMakeTmp'
Building C object CMakeFiles/cmTC_ea034.dir/CheckFunctionExists.c.o
/usr/bin/cc    -DCHECK_FUNCTION_EXISTS=pthread_create   -o CMakeFiles/cmTC_ea034.dir/CheckFunctionExists.c.o   -c /usr/share/cmake-3.5/Modules/CheckFunctionExists.c
Linking C executable cmTC_ea034
/usr/bin/cmake -E cmake_link_script CMakeFiles/cmTC_ea034.dir/link.txt --verbose=1
/usr/bin/cc   -DCHECK_FUNCTION_EXISTS=pthread_create    CMakeFiles/cmTC_ea034.dir/CheckFunctionExists.c.o  -o cmTC_ea034 -rdynamic -lpthreads 
/usr/bin/ld: cannot find -lpthreads
collect2: error: ld returned 1 exit status
CMakeFiles/cmTC_ea034.dir/build.make:97: recipe for target 'cmTC_ea034' failed
make[1]: *** [cmTC_ea034] Error 1
make[1]: Leaving directory '/media/weiming/Ny volym/ubuntu-project/master-thesis/Masterthesis/CMakeFiles/CMakeTmp'
Makefile:126: recipe for target 'cmTC_ea034/fast' failed
make: *** [cmTC_ea034/fast] Error 2


Determining if the pthread_create exist failed with the following output:
Change Dir: /media/weiming/Ny volym/ubuntu-project/master-thesis/CMakeFiles/CMakeTmp

Run Build Command:"/usr/bin/make" "cmTC_9dadd/fast"
/usr/bin/make -f CMakeFiles/cmTC_9dadd.dir/build.make CMakeFiles/cmTC_9dadd.dir/build
make[1]: Entering directory '/media/weiming/Ny volym/ubuntu-project/master-thesis/CMakeFiles/CMakeTmp'
Building C object CMakeFiles/cmTC_9dadd.dir/CheckSymbolExists.c.o
/usr/bin/cc     -o CMakeFiles/cmTC_9dadd.dir/CheckSymbolExists.c.o   -c "/media/weiming/Ny volym/ubuntu-project/master-thesis/CMakeFiles/CMakeTmp/CheckSymbolExists.c"
Linking C executable cmTC_9dadd
/usr/bin/cmake -E cmake_link_script CMakeFiles/cmTC_9dadd.dir/link.txt --verbose=1
/usr/bin/cc       CMakeFiles/cmTC_9dadd.dir/CheckSymbolExists.c.o  -o cmTC_9dadd -rdynamic 
CMakeFiles/cmTC_9dadd.dir/CheckSymbolExists.c.o: In function `main':
CheckSymbolExists.c:(.text+0x16): undefined reference to `pthread_create'
collect2: error: ld returned 1 exit status
CMakeFiles/cmTC_9dadd.dir/build.make:97: recipe for target 'cmTC_9dadd' failed
make[1]: *** [cmTC_9dadd] Error 1
make[1]: Leaving directory '/media/weiming/Ny volym/ubuntu-project/master-thesis/CMakeFiles/CMakeTmp'
Makefile:126: recipe for target 'cmTC_9dadd/fast' failed
make: *** [cmTC_9dadd/fast] Error 2

File /media/weiming/Ny volym/ubuntu-project/master-thesis/CMakeFiles/CMakeTmp/CheckSymbolExists.c:
/* */
#include <pthread.h>

int main(int argc, char** argv)
{
  (void)argv;
#ifndef pthread_create
  return ((int*)(&pthread_create))[argc];
#else
  (void)argc;
  return 0;
#endif
}

Determining if the function pthread_create exists in the pthreads failed with the following output:
Change Dir: /media/weiming/Ny volym/ubuntu-project/master-thesis/CMakeFiles/CMakeTmp

Run Build Command:"/usr/bin/make" "cmTC_6b71a/fast"
/usr/bin/make -f CMakeFiles/cmTC_6b71a.dir/build.make CMakeFiles/cmTC_6b71a.dir/build
make[1]: Entering directory '/media/weiming/Ny volym/ubuntu-project/master-thesis/CMakeFiles/CMakeTmp'
Building C object CMakeFiles/cmTC_6b71a.dir/CheckFunctionExists.c.o
/usr/bin/cc    -DCHECK_FUNCTION_EXISTS=pthread_create   -o CMakeFiles/cmTC_6b71a.dir/CheckFunctionExists.c.o   -c /usr/share/cmake-3.5/Modules/CheckFunctionExists.c
Linking C executable cmTC_6b71a
/usr/bin/cmake -E cmake_link_script CMakeFiles/cmTC_6b71a.dir/link.txt --verbose=1
/usr/bin/cc   -DCHECK_FUNCTION_EXISTS=pthread_create    CMakeFiles/cmTC_6b71a.dir/CheckFunctionExists.c.o  -o cmTC_6b71a -rdynamic -lpthreads 
/usr/bin/ld: cannot find -lpthreads
collect2: error: ld returned 1 exit status
CMakeFiles/cmTC_6b71a.dir/build.make:97: recipe for target 'cmTC_6b71a' failed
make[1]: *** [cmTC_6b71a] Error 1
make[1]: Leaving directory '/media/weiming/Ny volym/ubuntu-project/master-thesis/CMakeFiles/CMakeTmp'
Makefile:126: recipe for target 'cmTC_6b71a/fast' failed
make: *** [cmTC_6b71a/fast] Error 2


Determining if the pthread_create exist failed with the following output:
Change Dir: /home/yumeng/project/master-thesis/CMakeFiles/CMakeTmp

Run Build Command:"/usr/bin/make" "cmTC_9d442/fast"
/usr/bin/make -f CMakeFiles/cmTC_9d442.dir/build.make CMakeFiles/cmTC_9d442.dir/build
make[1]: Entering directory '/home/yumeng/project/master-thesis/CMakeFiles/CMakeTmp'
Building C object CMakeFiles/cmTC_9d442.dir/CheckSymbolExists.c.o
/usr/bin/cc     -o CMakeFiles/cmTC_9d442.dir/CheckSymbolExists.c.o   -c /home/yumeng/project/master-thesis/CMakeFiles/CMakeTmp/CheckSymbolExists.c
Linking C executable cmTC_9d442
/usr/bin/cmake -E cmake_link_script CMakeFiles/cmTC_9d442.dir/link.txt --verbose=1
/usr/bin/cc       CMakeFiles/cmTC_9d442.dir/CheckSymbolExists.c.o  -o cmTC_9d442 -rdynamic 
CMakeFiles/cmTC_9d442.dir/CheckSymbolExists.c.o: In function `main':
CheckSymbolExists.c:(.text+0x16): undefined reference to `pthread_create'
collect2: error: ld returned 1 exit status
CMakeFiles/cmTC_9d442.dir/build.make:97: recipe for target 'cmTC_9d442' failed
make[1]: *** [cmTC_9d442] Error 1
make[1]: Leaving directory '/home/yumeng/project/master-thesis/CMakeFiles/CMakeTmp'
Makefile:126: recipe for target 'cmTC_9d442/fast' failed
make: *** [cmTC_9d442/fast] Error 2

File /home/yumeng/project/master-thesis/CMakeFiles/CMakeTmp/CheckSymbolExists.c:
/* */
#include <pthread.h>

int main(int argc, char** argv)
{
  (void)argv;
#ifndef pthread_create
  return ((int*)(&pthread_create))[argc];
#else
  (void)argc;
  return 0;
#endif
}

Determining if the function pthread_create exists in the pthreads failed with the following output:
Change Dir: /home/yumeng/project/master-thesis/CMakeFiles/CMakeTmp

Run Build Command:"/usr/bin/make" "cmTC_a1ed0/fast"
/usr/bin/make -f CMakeFiles/cmTC_a1ed0.dir/build.make CMakeFiles/cmTC_a1ed0.dir/build
make[1]: Entering directory '/home/yumeng/project/master-thesis/CMakeFiles/CMakeTmp'
Building C object CMakeFiles/cmTC_a1ed0.dir/CheckFunctionExists.c.o
/usr/bin/cc    -DCHECK_FUNCTION_EXISTS=pthread_create   -o CMakeFiles/cmTC_a1ed0.dir/CheckFunctionExists.c.o   -c /usr/share/cmake-3.5/Modules/CheckFunctionExists.c
Linking C executable cmTC_a1ed0
/usr/bin/cmake -E cmake_link_script CMakeFiles/cmTC_a1ed0.dir/link.txt --verbose=1
/usr/bin/cc   -DCHECK_FUNCTION_EXISTS=pthread_create    CMakeFiles/cmTC_a1ed0.dir/CheckFunctionExists.c.o  -o cmTC_a1ed0 -rdynamic -lpthreads 
/usr/bin/ld: cannot find -lpthreads
collect2: error: ld returned 1 exit status
CMakeFiles/cmTC_a1ed0.dir/build.make:97: recipe for target 'cmTC_a1ed0' failed
make[1]: *** [cmTC_a1ed0] Error 1
make[1]: Leaving directory '/home/yumeng/project/master-thesis/CMakeFiles/CMakeTmp'
Makefile:126: recipe for target 'cmTC_a1ed0/fast' failed
make: *** [cmTC_a1ed0/fast] Error 2


Determining if the pthread_create exist failed with the following output:
Change Dir: /media/weiming/Ny volym/ubuntu-project/master-thesis/CMakeFiles/CMakeTmp

Run Build Command:"/usr/bin/make" "cmTC_08f65/fast"
/usr/bin/make -f CMakeFiles/cmTC_08f65.dir/build.make CMakeFiles/cmTC_08f65.dir/build
make[1]: Entering directory '/media/weiming/Ny volym/ubuntu-project/master-thesis/CMakeFiles/CMakeTmp'
Building C object CMakeFiles/cmTC_08f65.dir/CheckSymbolExists.c.o
/usr/bin/cc     -o CMakeFiles/cmTC_08f65.dir/CheckSymbolExists.c.o   -c "/media/weiming/Ny volym/ubuntu-project/master-thesis/CMakeFiles/CMakeTmp/CheckSymbolExists.c"
Linking C executable cmTC_08f65
/usr/bin/cmake -E cmake_link_script CMakeFiles/cmTC_08f65.dir/link.txt --verbose=1
/usr/bin/cc       CMakeFiles/cmTC_08f65.dir/CheckSymbolExists.c.o  -o cmTC_08f65 -rdynamic 
CMakeFiles/cmTC_08f65.dir/CheckSymbolExists.c.o: In function `main':
CheckSymbolExists.c:(.text+0x16): undefined reference to `pthread_create'
collect2: error: ld returned 1 exit status
CMakeFiles/cmTC_08f65.dir/build.make:97: recipe for target 'cmTC_08f65' failed
make[1]: *** [cmTC_08f65] Error 1
make[1]: Leaving directory '/media/weiming/Ny volym/ubuntu-project/master-thesis/CMakeFiles/CMakeTmp'
Makefile:126: recipe for target 'cmTC_08f65/fast' failed
make: *** [cmTC_08f65/fast] Error 2

File /media/weiming/Ny volym/ubuntu-project/master-thesis/CMakeFiles/CMakeTmp/CheckSymbolExists.c:
/* */
#include <pthread.h>

int main(int argc, char** argv)
{
  (void)argv;
#ifndef pthread_create
  return ((int*)(&pthread_create))[argc];
#else
  (void)argc;
  return 0;
#endif
}

Determining if the function pthread_create exists in the pthreads failed with the following output:
Change Dir: /media/weiming/Ny volym/ubuntu-project/master-thesis/CMakeFiles/CMakeTmp

Run Build Command:"/usr/bin/make" "cmTC_bc899/fast"
/usr/bin/make -f CMakeFiles/cmTC_bc899.dir/build.make CMakeFiles/cmTC_bc899.dir/build
make[1]: Entering directory '/media/weiming/Ny volym/ubuntu-project/master-thesis/CMakeFiles/CMakeTmp'
Building C object CMakeFiles/cmTC_bc899.dir/CheckFunctionExists.c.o
/usr/bin/cc    -DCHECK_FUNCTION_EXISTS=pthread_create   -o CMakeFiles/cmTC_bc899.dir/CheckFunctionExists.c.o   -c /usr/share/cmake-3.5/Modules/CheckFunctionExists.c
Linking C executable cmTC_bc899
/usr/bin/cmake -E cmake_link_script CMakeFiles/cmTC_bc899.dir/link.txt --verbose=1
/usr/bin/cc   -DCHECK_FUNCTION_EXISTS=pthread_create    CMakeFiles/cmTC_bc899.dir/CheckFunctionExists.c.o  -o cmTC_bc899 -rdynamic -lpthreads 
/usr/bin/ld: cannot find -lpthreads
collect2: error: ld returned 1 exit status
CMakeFiles/cmTC_bc899.dir/build.make:97: recipe for target 'cmTC_bc899' failed
make[1]: *** [cmTC_bc899] Error 1
make[1]: Leaving directory '/media/weiming/Ny volym/ubuntu-project/master-thesis/CMakeFiles/CMakeTmp'
Makefile:126: recipe for target 'cmTC_bc899/fast' failed
make: *** [cmTC_bc899/fast] Error 2


Determining if the pthread_create exist failed with the following output:
Change Dir: /home/yumeng/project/master-thesis/CMakeFiles/CMakeTmp

Run Build Command:"/usr/bin/make" "cmTC_22e1a/fast"
/usr/bin/make -f CMakeFiles/cmTC_22e1a.dir/build.make CMakeFiles/cmTC_22e1a.dir/build
make[1]: Entering directory '/home/yumeng/project/master-thesis/CMakeFiles/CMakeTmp'
Building C object CMakeFiles/cmTC_22e1a.dir/CheckSymbolExists.c.o
/usr/bin/cc     -o CMakeFiles/cmTC_22e1a.dir/CheckSymbolExists.c.o   -c /home/yumeng/project/master-thesis/CMakeFiles/CMakeTmp/CheckSymbolExists.c
Linking C executable cmTC_22e1a
/usr/bin/cmake -E cmake_link_script CMakeFiles/cmTC_22e1a.dir/link.txt --verbose=1
/usr/bin/cc       CMakeFiles/cmTC_22e1a.dir/CheckSymbolExists.c.o  -o cmTC_22e1a -rdynamic 
CMakeFiles/cmTC_22e1a.dir/CheckSymbolExists.c.o: In function `main':
CheckSymbolExists.c:(.text+0x16): undefined reference to `pthread_create'
collect2: error: ld returned 1 exit status
CMakeFiles/cmTC_22e1a.dir/build.make:97: recipe for target 'cmTC_22e1a' failed
make[1]: *** [cmTC_22e1a] Error 1
make[1]: Leaving directory '/home/yumeng/project/master-thesis/CMakeFiles/CMakeTmp'
Makefile:126: recipe for target 'cmTC_22e1a/fast' failed
make: *** [cmTC_22e1a/fast] Error 2

File /home/yumeng/project/master-thesis/CMakeFiles/CMakeTmp/CheckSymbolExists.c:
/* */
#include <pthread.h>

int main(int argc, char** argv)
{
  (void)argv;
#ifndef pthread_create
  return ((int*)(&pthread_create))[argc];
#else
  (void)argc;
  return 0;
#endif
}

Determining if the function pthread_create exists in the pthreads failed with the following output:
Change Dir: /home/yumeng/project/master-thesis/CMakeFiles/CMakeTmp

Run Build Command:"/usr/bin/make" "cmTC_3564b/fast"
/usr/bin/make -f CMakeFiles/cmTC_3564b.dir/build.make CMakeFiles/cmTC_3564b.dir/build
make[1]: Entering directory '/home/yumeng/project/master-thesis/CMakeFiles/CMakeTmp'
Building C object CMakeFiles/cmTC_3564b.dir/CheckFunctionExists.c.o
/usr/bin/cc    -DCHECK_FUNCTION_EXISTS=pthread_create   -o CMakeFiles/cmTC_3564b.dir/CheckFunctionExists.c.o   -c /usr/share/cmake-3.5/Modules/CheckFunctionExists.c
Linking C executable cmTC_3564b
/usr/bin/cmake -E cmake_link_script CMakeFiles/cmTC_3564b.dir/link.txt --verbose=1
/usr/bin/cc   -DCHECK_FUNCTION_EXISTS=pthread_create    CMakeFiles/cmTC_3564b.dir/CheckFunctionExists.c.o  -o cmTC_3564b -rdynamic -lpthreads 
/usr/bin/ld: cannot find -lpthreads
collect2: error: ld returned 1 exit status
CMakeFiles/cmTC_3564b.dir/build.make:97: recipe for target 'cmTC_3564b' failed
make[1]: *** [cmTC_3564b] Error 1
make[1]: Leaving directory '/home/yumeng/project/master-thesis/CMakeFiles/CMakeTmp'
Makefile:126: recipe for target 'cmTC_3564b/fast' failed
make: *** [cmTC_3564b/fast] Error 2


Determining if the pthread_create exist failed with the following output:
Change Dir: /media/weiming/Ny volym/ubuntu-project/master-thesis/CMakeFiles/CMakeTmp

Run Build Command:"/usr/bin/make" "cmTC_c2875/fast"
/usr/bin/make -f CMakeFiles/cmTC_c2875.dir/build.make CMakeFiles/cmTC_c2875.dir/build
make[1]: Entering directory '/media/weiming/Ny volym/ubuntu-project/master-thesis/CMakeFiles/CMakeTmp'
Building C object CMakeFiles/cmTC_c2875.dir/CheckSymbolExists.c.o
/usr/bin/cc     -o CMakeFiles/cmTC_c2875.dir/CheckSymbolExists.c.o   -c "/media/weiming/Ny volym/ubuntu-project/master-thesis/CMakeFiles/CMakeTmp/CheckSymbolExists.c"
Linking C executable cmTC_c2875
/usr/bin/cmake -E cmake_link_script CMakeFiles/cmTC_c2875.dir/link.txt --verbose=1
/usr/bin/cc       CMakeFiles/cmTC_c2875.dir/CheckSymbolExists.c.o  -o cmTC_c2875 -rdynamic 
CMakeFiles/cmTC_c2875.dir/CheckSymbolExists.c.o: In function `main':
CheckSymbolExists.c:(.text+0x16): undefined reference to `pthread_create'
collect2: error: ld returned 1 exit status
CMakeFiles/cmTC_c2875.dir/build.make:97: recipe for target 'cmTC_c2875' failed
make[1]: *** [cmTC_c2875] Error 1
make[1]: Leaving directory '/media/weiming/Ny volym/ubuntu-project/master-thesis/CMakeFiles/CMakeTmp'
Makefile:126: recipe for target 'cmTC_c2875/fast' failed
make: *** [cmTC_c2875/fast] Error 2

File /media/weiming/Ny volym/ubuntu-project/master-thesis/CMakeFiles/CMakeTmp/CheckSymbolExists.c:
/* */
#include <pthread.h>

int main(int argc, char** argv)
{
  (void)argv;
#ifndef pthread_create
  return ((int*)(&pthread_create))[argc];
#else
  (void)argc;
  return 0;
#endif
}

Determining if the function pthread_create exists in the pthreads failed with the following output:
Change Dir: /media/weiming/Ny volym/ubuntu-project/master-thesis/CMakeFiles/CMakeTmp

Run Build Command:"/usr/bin/make" "cmTC_f756f/fast"
/usr/bin/make -f CMakeFiles/cmTC_f756f.dir/build.make CMakeFiles/cmTC_f756f.dir/build
make[1]: Entering directory '/media/weiming/Ny volym/ubuntu-project/master-thesis/CMakeFiles/CMakeTmp'
Building C object CMakeFiles/cmTC_f756f.dir/CheckFunctionExists.c.o
/usr/bin/cc    -DCHECK_FUNCTION_EXISTS=pthread_create   -o CMakeFiles/cmTC_f756f.dir/CheckFunctionExists.c.o   -c /usr/share/cmake-3.5/Modules/CheckFunctionExists.c
Linking C executable cmTC_f756f
/usr/bin/cmake -E cmake_link_script CMakeFiles/cmTC_f756f.dir/link.txt --verbose=1
/usr/bin/cc   -DCHECK_FUNCTION_EXISTS=pthread_create    CMakeFiles/cmTC_f756f.dir/CheckFunctionExists.c.o  -o cmTC_f756f -rdynamic -lpthreads 
/usr/bin/ld: cannot find -lpthreads
collect2: error: ld returned 1 exit status
CMakeFiles/cmTC_f756f.dir/build.make:97: recipe for target 'cmTC_f756f' failed
make[1]: *** [cmTC_f756f] Error 1
make[1]: Leaving directory '/media/weiming/Ny volym/ubuntu-project/master-thesis/CMakeFiles/CMakeTmp'
Makefile:126: recipe for target 'cmTC_f756f/fast' failed
make: *** [cmTC_f756f/fast] Error 2


Determining if the pthread_create exist failed with the following output:
Change Dir: /home/yumeng/project/master-thesis/CMakeFiles/CMakeTmp

Run Build Command:"/usr/bin/make" "cmTC_422f1/fast"
/usr/bin/make -f CMakeFiles/cmTC_422f1.dir/build.make CMakeFiles/cmTC_422f1.dir/build
make[1]: Entering directory '/home/yumeng/project/master-thesis/CMakeFiles/CMakeTmp'
Building C object CMakeFiles/cmTC_422f1.dir/CheckSymbolExists.c.o
/usr/bin/cc     -o CMakeFiles/cmTC_422f1.dir/CheckSymbolExists.c.o   -c /home/yumeng/project/master-thesis/CMakeFiles/CMakeTmp/CheckSymbolExists.c
Linking C executable cmTC_422f1
/usr/bin/cmake -E cmake_link_script CMakeFiles/cmTC_422f1.dir/link.txt --verbose=1
/usr/bin/cc       CMakeFiles/cmTC_422f1.dir/CheckSymbolExists.c.o  -o cmTC_422f1 -rdynamic 
CMakeFiles/cmTC_422f1.dir/CheckSymbolExists.c.o: In function `main':
CheckSymbolExists.c:(.text+0x16): undefined reference to `pthread_create'
collect2: error: ld returned 1 exit status
CMakeFiles/cmTC_422f1.dir/build.make:97: recipe for target 'cmTC_422f1' failed
make[1]: *** [cmTC_422f1] Error 1
make[1]: Leaving directory '/home/yumeng/project/master-thesis/CMakeFiles/CMakeTmp'
Makefile:126: recipe for target 'cmTC_422f1/fast' failed
make: *** [cmTC_422f1/fast] Error 2

File /home/yumeng/project/master-thesis/CMakeFiles/CMakeTmp/CheckSymbolExists.c:
/* */
#include <pthread.h>

int main(int argc, char** argv)
{
  (void)argv;
#ifndef pthread_create
  return ((int*)(&pthread_create))[argc];
#else
  (void)argc;
  return 0;
#endif
}

Determining if the function pthread_create exists in the pthreads failed with the following output:
Change Dir: /home/yumeng/project/master-thesis/CMakeFiles/CMakeTmp

Run Build Command:"/usr/bin/make" "cmTC_ce039/fast"
/usr/bin/make -f CMakeFiles/cmTC_ce039.dir/build.make CMakeFiles/cmTC_ce039.dir/build
make[1]: Entering directory '/home/yumeng/project/master-thesis/CMakeFiles/CMakeTmp'
Building C object CMakeFiles/cmTC_ce039.dir/CheckFunctionExists.c.o
/usr/bin/cc    -DCHECK_FUNCTION_EXISTS=pthread_create   -o CMakeFiles/cmTC_ce039.dir/CheckFunctionExists.c.o   -c /usr/share/cmake-3.5/Modules/CheckFunctionExists.c
Linking C executable cmTC_ce039
/usr/bin/cmake -E cmake_link_script CMakeFiles/cmTC_ce039.dir/link.txt --verbose=1
/usr/bin/cc   -DCHECK_FUNCTION_EXISTS=pthread_create    CMakeFiles/cmTC_ce039.dir/CheckFunctionExists.c.o  -o cmTC_ce039 -rdynamic -lpthreads 
/usr/bin/ld: cannot find -lpthreads
collect2: error: ld returned 1 exit status
CMakeFiles/cmTC_ce039.dir/build.make:97: recipe for target 'cmTC_ce039' failed
make[1]: *** [cmTC_ce039] Error 1
make[1]: Leaving directory '/home/yumeng/project/master-thesis/CMakeFiles/CMakeTmp'
Makefile:126: recipe for target 'cmTC_ce039/fast' failed
make: *** [cmTC_ce039/fast] Error 2


Determining if the pthread_create exist failed with the following output:
Change Dir: /media/weiming/Ny volym/ubuntu-project/master-thesis/CMakeFiles/CMakeTmp

Run Build Command:"/usr/bin/make" "cmTC_5cfaa/fast"
/usr/bin/make -f CMakeFiles/cmTC_5cfaa.dir/build.make CMakeFiles/cmTC_5cfaa.dir/build
make[1]: Entering directory '/media/weiming/Ny volym/ubuntu-project/master-thesis/CMakeFiles/CMakeTmp'
Building C object CMakeFiles/cmTC_5cfaa.dir/CheckSymbolExists.c.o
/usr/bin/cc     -o CMakeFiles/cmTC_5cfaa.dir/CheckSymbolExists.c.o   -c "/media/weiming/Ny volym/ubuntu-project/master-thesis/CMakeFiles/CMakeTmp/CheckSymbolExists.c"
Linking C executable cmTC_5cfaa
/usr/bin/cmake -E cmake_link_script CMakeFiles/cmTC_5cfaa.dir/link.txt --verbose=1
/usr/bin/cc       CMakeFiles/cmTC_5cfaa.dir/CheckSymbolExists.c.o  -o cmTC_5cfaa -rdynamic 
CMakeFiles/cmTC_5cfaa.dir/CheckSymbolExists.c.o: In function `main':
CheckSymbolExists.c:(.text+0x16): undefined reference to `pthread_create'
collect2: error: ld returned 1 exit status
CMakeFiles/cmTC_5cfaa.dir/build.make:97: recipe for target 'cmTC_5cfaa' failed
make[1]: *** [cmTC_5cfaa] Error 1
make[1]: Leaving directory '/media/weiming/Ny volym/ubuntu-project/master-thesis/CMakeFiles/CMakeTmp'
Makefile:126: recipe for target 'cmTC_5cfaa/fast' failed
make: *** [cmTC_5cfaa/fast] Error 2

File /media/weiming/Ny volym/ubuntu-project/master-thesis/CMakeFiles/CMakeTmp/CheckSymbolExists.c:
/* */
#include <pthread.h>

int main(int argc, char** argv)
{
  (void)argv;
#ifndef pthread_create
  return ((int*)(&pthread_create))[argc];
#else
  (void)argc;
  return 0;
#endif
}

Determining if the function pthread_create exists in the pthreads failed with the following output:
Change Dir: /media/weiming/Ny volym/ubuntu-project/master-thesis/CMakeFiles/CMakeTmp

Run Build Command:"/usr/bin/make" "cmTC_e3c9e/fast"
/usr/bin/make -f CMakeFiles/cmTC_e3c9e.dir/build.make CMakeFiles/cmTC_e3c9e.dir/build
make[1]: Entering directory '/media/weiming/Ny volym/ubuntu-project/master-thesis/CMakeFiles/CMakeTmp'
Building C object CMakeFiles/cmTC_e3c9e.dir/CheckFunctionExists.c.o
/usr/bin/cc    -DCHECK_FUNCTION_EXISTS=pthread_create   -o CMakeFiles/cmTC_e3c9e.dir/CheckFunctionExists.c.o   -c /usr/share/cmake-3.5/Modules/CheckFunctionExists.c
Linking C executable cmTC_e3c9e
/usr/bin/cmake -E cmake_link_script CMakeFiles/cmTC_e3c9e.dir/link.txt --verbose=1
/usr/bin/cc   -DCHECK_FUNCTION_EXISTS=pthread_create    CMakeFiles/cmTC_e3c9e.dir/CheckFunctionExists.c.o  -o cmTC_e3c9e -rdynamic -lpthreads 
/usr/bin/ld: cannot find -lpthreads
collect2: error: ld returned 1 exit status
CMakeFiles/cmTC_e3c9e.dir/build.make:97: recipe for target 'cmTC_e3c9e' failed
make[1]: *** [cmTC_e3c9e] Error 1
make[1]: Leaving directory '/media/weiming/Ny volym/ubuntu-project/master-thesis/CMakeFiles/CMakeTmp'
Makefile:126: recipe for target 'cmTC_e3c9e/fast' failed
make: *** [cmTC_e3c9e/fast] Error 2


Determining if the pthread_create exist failed with the following output:
Change Dir: /home/yumeng/project/master-thesis/CMakeFiles/CMakeTmp

Run Build Command:"/usr/bin/make" "cmTC_9d64d/fast"
/usr/bin/make -f CMakeFiles/cmTC_9d64d.dir/build.make CMakeFiles/cmTC_9d64d.dir/build
make[1]: Entering directory '/home/yumeng/project/master-thesis/CMakeFiles/CMakeTmp'
Building C object CMakeFiles/cmTC_9d64d.dir/CheckSymbolExists.c.o
/usr/bin/cc     -o CMakeFiles/cmTC_9d64d.dir/CheckSymbolExists.c.o   -c /home/yumeng/project/master-thesis/CMakeFiles/CMakeTmp/CheckSymbolExists.c
Linking C executable cmTC_9d64d
/usr/bin/cmake -E cmake_link_script CMakeFiles/cmTC_9d64d.dir/link.txt --verbose=1
/usr/bin/cc       CMakeFiles/cmTC_9d64d.dir/CheckSymbolExists.c.o  -o cmTC_9d64d -rdynamic 
CMakeFiles/cmTC_9d64d.dir/CheckSymbolExists.c.o: In function `main':
CheckSymbolExists.c:(.text+0x16): undefined reference to `pthread_create'
collect2: error: ld returned 1 exit status
CMakeFiles/cmTC_9d64d.dir/build.make:97: recipe for target 'cmTC_9d64d' failed
make[1]: *** [cmTC_9d64d] Error 1
make[1]: Leaving directory '/home/yumeng/project/master-thesis/CMakeFiles/CMakeTmp'
Makefile:126: recipe for target 'cmTC_9d64d/fast' failed
make: *** [cmTC_9d64d/fast] Error 2

File /home/yumeng/project/master-thesis/CMakeFiles/CMakeTmp/CheckSymbolExists.c:
/* */
#include <pthread.h>

int main(int argc, char** argv)
{
  (void)argv;
#ifndef pthread_create
  return ((int*)(&pthread_create))[argc];
#else
  (void)argc;
  return 0;
#endif
}

Determining if the function pthread_create exists in the pthreads failed with the following output:
Change Dir: /home/yumeng/project/master-thesis/CMakeFiles/CMakeTmp

Run Build Command:"/usr/bin/make" "cmTC_1bf4b/fast"
/usr/bin/make -f CMakeFiles/cmTC_1bf4b.dir/build.make CMakeFiles/cmTC_1bf4b.dir/build
make[1]: Entering directory '/home/yumeng/project/master-thesis/CMakeFiles/CMakeTmp'
Building C object CMakeFiles/cmTC_1bf4b.dir/CheckFunctionExists.c.o
/usr/bin/cc    -DCHECK_FUNCTION_EXISTS=pthread_create   -o CMakeFiles/cmTC_1bf4b.dir/CheckFunctionExists.c.o   -c /usr/share/cmake-3.5/Modules/CheckFunctionExists.c
Linking C executable cmTC_1bf4b
/usr/bin/cmake -E cmake_link_script CMakeFiles/cmTC_1bf4b.dir/link.txt --verbose=1
/usr/bin/cc   -DCHECK_FUNCTION_EXISTS=pthread_create    CMakeFiles/cmTC_1bf4b.dir/CheckFunctionExists.c.o  -o cmTC_1bf4b -rdynamic -lpthreads 
/usr/bin/ld: cannot find -lpthreads
collect2: error: ld returned 1 exit status
CMakeFiles/cmTC_1bf4b.dir/build.make:97: recipe for target 'cmTC_1bf4b' failed
make[1]: *** [cmTC_1bf4b] Error 1
make[1]: Leaving directory '/home/yumeng/project/master-thesis/CMakeFiles/CMakeTmp'
Makefile:126: recipe for target 'cmTC_1bf4b/fast' failed
make: *** [cmTC_1bf4b/fast] Error 2


Determining if the pthread_create exist failed with the following output:
Change Dir: /media/weiming/Ny volym/ubuntu-project/master-thesis/CMakeFiles/CMakeTmp

Run Build Command:"/usr/bin/make" "cmTC_966bd/fast"
/usr/bin/make -f CMakeFiles/cmTC_966bd.dir/build.make CMakeFiles/cmTC_966bd.dir/build
make[1]: Entering directory '/media/weiming/Ny volym/ubuntu-project/master-thesis/CMakeFiles/CMakeTmp'
Building C object CMakeFiles/cmTC_966bd.dir/CheckSymbolExists.c.o
/usr/bin/cc     -o CMakeFiles/cmTC_966bd.dir/CheckSymbolExists.c.o   -c "/media/weiming/Ny volym/ubuntu-project/master-thesis/CMakeFiles/CMakeTmp/CheckSymbolExists.c"
Linking C executable cmTC_966bd
/usr/bin/cmake -E cmake_link_script CMakeFiles/cmTC_966bd.dir/link.txt --verbose=1
/usr/bin/cc       CMakeFiles/cmTC_966bd.dir/CheckSymbolExists.c.o  -o cmTC_966bd -rdynamic 
CMakeFiles/cmTC_966bd.dir/CheckSymbolExists.c.o: In function `main':
CheckSymbolExists.c:(.text+0x16): undefined reference to `pthread_create'
collect2: error: ld returned 1 exit status
CMakeFiles/cmTC_966bd.dir/build.make:97: recipe for target 'cmTC_966bd' failed
make[1]: *** [cmTC_966bd] Error 1
make[1]: Leaving directory '/media/weiming/Ny volym/ubuntu-project/master-thesis/CMakeFiles/CMakeTmp'
Makefile:126: recipe for target 'cmTC_966bd/fast' failed
make: *** [cmTC_966bd/fast] Error 2

File /media/weiming/Ny volym/ubuntu-project/master-thesis/CMakeFiles/CMakeTmp/CheckSymbolExists.c:
/* */
#include <pthread.h>

int main(int argc, char** argv)
{
  (void)argv;
#ifndef pthread_create
  return ((int*)(&pthread_create))[argc];
#else
  (void)argc;
  return 0;
#endif
}

Determining if the function pthread_create exists in the pthreads failed with the following output:
Change Dir: /media/weiming/Ny volym/ubuntu-project/master-thesis/CMakeFiles/CMakeTmp

Run Build Command:"/usr/bin/make" "cmTC_c60f4/fast"
/usr/bin/make -f CMakeFiles/cmTC_c60f4.dir/build.make CMakeFiles/cmTC_c60f4.dir/build
make[1]: Entering directory '/media/weiming/Ny volym/ubuntu-project/master-thesis/CMakeFiles/CMakeTmp'
Building C object CMakeFiles/cmTC_c60f4.dir/CheckFunctionExists.c.o
/usr/bin/cc    -DCHECK_FUNCTION_EXISTS=pthread_create   -o CMakeFiles/cmTC_c60f4.dir/CheckFunctionExists.c.o   -c /usr/share/cmake-3.5/Modules/CheckFunctionExists.c
Linking C executable cmTC_c60f4
/usr/bin/cmake -E cmake_link_script CMakeFiles/cmTC_c60f4.dir/link.txt --verbose=1
/usr/bin/cc   -DCHECK_FUNCTION_EXISTS=pthread_create    CMakeFiles/cmTC_c60f4.dir/CheckFunctionExists.c.o  -o cmTC_c60f4 -rdynamic -lpthreads 
/usr/bin/ld: cannot find -lpthreads
collect2: error: ld returned 1 exit status
CMakeFiles/cmTC_c60f4.dir/build.make:97: recipe for target 'cmTC_c60f4' failed
make[1]: *** [cmTC_c60f4] Error 1
make[1]: Leaving directory '/media/weiming/Ny volym/ubuntu-project/master-thesis/CMakeFiles/CMakeTmp'
Makefile:126: recipe for target 'cmTC_c60f4/fast' failed
make: *** [cmTC_c60f4/fast] Error 2


Determining if the pthread_create exist failed with the following output:
Change Dir: /home/yumeng/project/master-thesis/CMakeFiles/CMakeTmp

Run Build Command:"/usr/bin/make" "cmTC_11c47/fast"
/usr/bin/make -f CMakeFiles/cmTC_11c47.dir/build.make CMakeFiles/cmTC_11c47.dir/build
make[1]: Entering directory '/home/yumeng/project/master-thesis/CMakeFiles/CMakeTmp'
Building C object CMakeFiles/cmTC_11c47.dir/CheckSymbolExists.c.o
/usr/bin/cc     -o CMakeFiles/cmTC_11c47.dir/CheckSymbolExists.c.o   -c /home/yumeng/project/master-thesis/CMakeFiles/CMakeTmp/CheckSymbolExists.c
Linking C executable cmTC_11c47
/usr/bin/cmake -E cmake_link_script CMakeFiles/cmTC_11c47.dir/link.txt --verbose=1
/usr/bin/cc       CMakeFiles/cmTC_11c47.dir/CheckSymbolExists.c.o  -o cmTC_11c47 -rdynamic 
CMakeFiles/cmTC_11c47.dir/CheckSymbolExists.c.o: In function `main':
CheckSymbolExists.c:(.text+0x16): undefined reference to `pthread_create'
collect2: error: ld returned 1 exit status
CMakeFiles/cmTC_11c47.dir/build.make:97: recipe for target 'cmTC_11c47' failed
make[1]: *** [cmTC_11c47] Error 1
make[1]: Leaving directory '/home/yumeng/project/master-thesis/CMakeFiles/CMakeTmp'
Makefile:126: recipe for target 'cmTC_11c47/fast' failed
make: *** [cmTC_11c47/fast] Error 2

File /home/yumeng/project/master-thesis/CMakeFiles/CMakeTmp/CheckSymbolExists.c:
/* */
#include <pthread.h>

int main(int argc, char** argv)
{
  (void)argv;
#ifndef pthread_create
  return ((int*)(&pthread_create))[argc];
#else
  (void)argc;
  return 0;
#endif
}

Determining if the function pthread_create exists in the pthreads failed with the following output:
Change Dir: /home/yumeng/project/master-thesis/CMakeFiles/CMakeTmp

Run Build Command:"/usr/bin/make" "cmTC_4ae00/fast"
/usr/bin/make -f CMakeFiles/cmTC_4ae00.dir/build.make CMakeFiles/cmTC_4ae00.dir/build
make[1]: Entering directory '/home/yumeng/project/master-thesis/CMakeFiles/CMakeTmp'
Building C object CMakeFiles/cmTC_4ae00.dir/CheckFunctionExists.c.o
/usr/bin/cc    -DCHECK_FUNCTION_EXISTS=pthread_create   -o CMakeFiles/cmTC_4ae00.dir/CheckFunctionExists.c.o   -c /usr/share/cmake-3.5/Modules/CheckFunctionExists.c
Linking C executable cmTC_4ae00
/usr/bin/cmake -E cmake_link_script CMakeFiles/cmTC_4ae00.dir/link.txt --verbose=1
/usr/bin/cc   -DCHECK_FUNCTION_EXISTS=pthread_create    CMakeFiles/cmTC_4ae00.dir/CheckFunctionExists.c.o  -o cmTC_4ae00 -rdynamic -lpthreads 
/usr/bin/ld: cannot find -lpthreads
collect2: error: ld returned 1 exit status
CMakeFiles/cmTC_4ae00.dir/build.make:97: recipe for target 'cmTC_4ae00' failed
make[1]: *** [cmTC_4ae00] Error 1
make[1]: Leaving directory '/home/yumeng/project/master-thesis/CMakeFiles/CMakeTmp'
Makefile:126: recipe for target 'cmTC_4ae00/fast' failed
make: *** [cmTC_4ae00/fast] Error 2


